This is pdfTeX, Version 3.14159265-2.6-1.40.16 (TeX Live 2015) (preloaded format=pdflatex 2015.5.24)  10 JUN 2019 17:09
entering extended mode
 restricted \write18 enabled.
 %&-line parsing enabled.
**VHzQ
(./VHzQ.tex
LaTeX2e <2015/01/01>
Babel <3.9l> and hyphenation patterns for 79 languages loaded.
(./mnras.cls
Document Class: mnras 2015/05/22\ v3.0\ LaTeX2e MNRAS document class
MNRAS document style v3.0, released 2015/05/22
(/usr/local/texlive/2015/texmf-dist/tex/latex/geometry/geometry.sty
Package: geometry 2010/09/12 v5.6 Page Geometry

(/usr/local/texlive/2015/texmf-dist/tex/latex/graphics/keyval.sty
Package: keyval 2014/10/28 v1.15 key=value parser (DPC)
\KV@toks@=\toks14
)
(/usr/local/texlive/2015/texmf-dist/tex/generic/oberdiek/ifpdf.sty
Package: ifpdf 2011/01/30 v2.3 Provides the ifpdf switch (HO)
Package ifpdf Info: pdfTeX in PDF mode is detected.
)
(/usr/local/texlive/2015/texmf-dist/tex/generic/oberdiek/ifvtex.sty
Package: ifvtex 2010/03/01 v1.5 Detect VTeX and its facilities (HO)
Package ifvtex Info: VTeX not detected.
)
(/usr/local/texlive/2015/texmf-dist/tex/generic/ifxetex/ifxetex.sty
Package: ifxetex 2010/09/12 v0.6 Provides ifxetex conditional
)
\Gm@cnth=\count79
\Gm@cntv=\count80
\c@Gm@tempcnt=\count81
\Gm@bindingoffset=\dimen102
\Gm@wd@mp=\dimen103
\Gm@odd@mp=\dimen104
\Gm@even@mp=\dimen105
\Gm@layoutwidth=\dimen106
\Gm@layoutheight=\dimen107
\Gm@layouthoffset=\dimen108
\Gm@layoutvoffset=\dimen109
\Gm@dimlist=\toks15
)
(/usr/local/texlive/2015/texmf-dist/tex/latex/base/fixltx2e.sty
Package: fixltx2e 2015/02/21 v2.0a fixes to LaTeX (obsolete)


Package fixltx2e Warning: fixltx2e is not required with releases after 2015
(fixltx2e)                All fixes are now in the LaTeX kernel.
(fixltx2e)                See the latexrelease package for details.

) (/usr/local/texlive/2015/texmf-dist/tex/latex/hyperref/hyperref.sty
Package: hyperref 2012/11/06 v6.83m Hypertext links for LaTeX

(/usr/local/texlive/2015/texmf-dist/tex/generic/oberdiek/hobsub-hyperref.sty
Package: hobsub-hyperref 2012/05/28 v1.13 Bundle oberdiek, subset hyperref (HO)


(/usr/local/texlive/2015/texmf-dist/tex/generic/oberdiek/hobsub-generic.sty
Package: hobsub-generic 2012/05/28 v1.13 Bundle oberdiek, subset generic (HO)
Package: hobsub 2012/05/28 v1.13 Construct package bundles (HO)
Package: infwarerr 2010/04/08 v1.3 Providing info/warning/error messages (HO)
Package: ltxcmds 2011/11/09 v1.22 LaTeX kernel commands for general use (HO)
Package: ifluatex 2010/03/01 v1.3 Provides the ifluatex switch (HO)
Package ifluatex Info: LuaTeX not detected.
Package hobsub Info: Skipping package `ifvtex' (already loaded).
Package: intcalc 2007/09/27 v1.1 Expandable calculations with integers (HO)
Package hobsub Info: Skipping package `ifpdf' (already loaded).
Package: etexcmds 2011/02/16 v1.5 Avoid name clashes with e-TeX commands (HO)
Package etexcmds Info: Could not find \expanded.
(etexcmds)             That can mean that you are not using pdfTeX 1.50 or
(etexcmds)             that some package has redefined \expanded.
(etexcmds)             In the latter case, load this package earlier.
Package: kvsetkeys 2012/04/25 v1.16 Key value parser (HO)
Package: kvdefinekeys 2011/04/07 v1.3 Define keys (HO)
Package: pdftexcmds 2011/11/29 v0.20 Utility functions of pdfTeX for LuaTeX (HO
)
Package pdftexcmds Info: LuaTeX not detected.
Package pdftexcmds Info: \pdf@primitive is available.
Package pdftexcmds Info: \pdf@ifprimitive is available.
Package pdftexcmds Info: \pdfdraftmode found.
Package: pdfescape 2011/11/25 v1.13 Implements pdfTeX's escape features (HO)
Package: bigintcalc 2012/04/08 v1.3 Expandable calculations on big integers (HO
)
Package: bitset 2011/01/30 v1.1 Handle bit-vector datatype (HO)
Package: uniquecounter 2011/01/30 v1.2 Provide unlimited unique counter (HO)
)
Package hobsub Info: Skipping package `hobsub' (already loaded).
Package: letltxmacro 2010/09/02 v1.4 Let assignment for LaTeX macros (HO)
Package: hopatch 2012/05/28 v1.2 Wrapper for package hooks (HO)
Package: xcolor-patch 2011/01/30 xcolor patch
Package: atveryend 2011/06/30 v1.8 Hooks at the very end of document (HO)
Package atveryend Info: \enddocument detected (standard20110627).
Package: atbegshi 2011/10/05 v1.16 At begin shipout hook (HO)
Package: refcount 2011/10/16 v3.4 Data extraction from label references (HO)
Package: hycolor 2011/01/30 v1.7 Color options for hyperref/bookmark (HO)
)
(/usr/local/texlive/2015/texmf-dist/tex/latex/oberdiek/auxhook.sty
Package: auxhook 2011/03/04 v1.3 Hooks for auxiliary files (HO)
)
(/usr/local/texlive/2015/texmf-dist/tex/latex/oberdiek/kvoptions.sty
Package: kvoptions 2011/06/30 v3.11 Key value format for package options (HO)
)
\@linkdim=\dimen110
\Hy@linkcounter=\count82
\Hy@pagecounter=\count83

(/usr/local/texlive/2015/texmf-dist/tex/latex/hyperref/pd1enc.def
File: pd1enc.def 2012/11/06 v6.83m Hyperref: PDFDocEncoding definition (HO)
)
\Hy@SavedSpaceFactor=\count84

(/usr/local/texlive/2015/texmf-dist/tex/latex/latexconfig/hyperref.cfg
File: hyperref.cfg 2002/06/06 v1.2 hyperref configuration of TeXLive
)
Package hyperref Info: Hyper figures OFF on input line 4443.
Package hyperref Info: Link nesting OFF on input line 4448.
Package hyperref Info: Hyper index ON on input line 4451.
Package hyperref Info: Plain pages OFF on input line 4458.
Package hyperref Info: Backreferencing OFF on input line 4463.
Package hyperref Info: Implicit mode ON; LaTeX internals redefined.
Package hyperref Info: Bookmarks ON on input line 4688.
\c@Hy@tempcnt=\count85

(/usr/local/texlive/2015/texmf-dist/tex/latex/url/url.sty
\Urlmuskip=\muskip10
Package: url 2013/09/16  ver 3.4  Verb mode for urls, etc.
)
LaTeX Info: Redefining \url on input line 5041.
\XeTeXLinkMargin=\dimen111
\Fld@menulength=\count86
\Field@Width=\dimen112
\Fld@charsize=\dimen113
Package hyperref Info: Hyper figures OFF on input line 6295.
Package hyperref Info: Link nesting OFF on input line 6300.
Package hyperref Info: Hyper index ON on input line 6303.
Package hyperref Info: backreferencing OFF on input line 6310.
Package hyperref Info: Link coloring OFF on input line 6315.
Package hyperref Info: Link coloring with OCG OFF on input line 6320.
Package hyperref Info: PDF/A mode OFF on input line 6325.
LaTeX Info: Redefining \ref on input line 6365.
LaTeX Info: Redefining \pageref on input line 6369.


Package hyperref Warning: Option `pdfpagelabels' is turned off
(hyperref)                because \thepage is undefined.

\c@Item=\count87
\c@Hfootnote=\count88
)

Package hyperref Message: Driver (autodetected): hpdftex.

(/usr/local/texlive/2015/texmf-dist/tex/latex/hyperref/hpdftex.def
File: hpdftex.def 2012/11/06 v6.83m Hyperref driver for pdfTeX
\Fld@listcount=\count89
\c@bookmark@seq@number=\count90

(/usr/local/texlive/2015/texmf-dist/tex/latex/oberdiek/rerunfilecheck.sty
Package: rerunfilecheck 2011/04/15 v1.7 Rerun checks for auxiliary files (HO)
Package uniquecounter Info: New unique counter `rerunfilecheck' on input line 2
82.
)
\Hy@SectionHShift=\skip41
)
Package hyperref Info: Option `colorlinks' set `true' on input line 123.
\math@groups=\toks16
LaTeX Font Info:    Overwriting symbol font `symbols' in version `bold'
(Font)                  OMS/cmsy/b/n --> OMS/cmsy/b/n on input line 276.
\symbmisymbols=\mathgroup4
\SFB@measure=\dimen114
\realparindent=\skip42
\c@part=\count91
\c@section=\count92
\c@subsection=\count93
\c@subsubsection=\count94
\c@paragraph=\count95
\c@subparagraph=\count96
\@indentskip=\skip43
\smallindent=\skip44
\@footindent=\skip45
\@leftskip=\skip46

(/usr/local/texlive/2015/texmf-dist/tex/latex/natbib/natbib.sty
Package: natbib 2010/09/13 8.31b (PWD, AO)
\bibhang=\skip47
\bibsep=\skip48
LaTeX Info: Redefining \cite on input line 694.
\c@NAT@ctr=\count97
)
\c@table=\count98
\c@figure=\count99
) (./format.tex (/usr/local/texlive/2015/texmf-dist/tex/latex/amsmath/amsmath.s
ty
Package: amsmath 2013/01/14 v2.14 AMS math features
\@mathmargin=\skip49

For additional information on amsmath, use the `?' option.
(/usr/local/texlive/2015/texmf-dist/tex/latex/amsmath/amstext.sty
Package: amstext 2000/06/29 v2.01

(/usr/local/texlive/2015/texmf-dist/tex/latex/amsmath/amsgen.sty
File: amsgen.sty 1999/11/30 v2.0
\@emptytoks=\toks17
\ex@=\dimen115
))
(/usr/local/texlive/2015/texmf-dist/tex/latex/amsmath/amsbsy.sty
Package: amsbsy 1999/11/29 v1.2d
\pmbraise@=\dimen116
)
(/usr/local/texlive/2015/texmf-dist/tex/latex/amsmath/amsopn.sty
Package: amsopn 1999/12/14 v2.01 operator names
)
\inf@bad=\count100
LaTeX Info: Redefining \frac on input line 210.
\uproot@=\count101
\leftroot@=\count102
LaTeX Info: Redefining \overline on input line 306.
\classnum@=\count103
\DOTSCASE@=\count104
LaTeX Info: Redefining \ldots on input line 378.
LaTeX Info: Redefining \dots on input line 381.
LaTeX Info: Redefining \cdots on input line 466.
\Mathstrutbox@=\box26
\strutbox@=\box27
\big@size=\dimen117
LaTeX Font Info:    Redeclaring font encoding OML on input line 566.
LaTeX Font Info:    Redeclaring font encoding OMS on input line 567.
\macc@depth=\count105
\c@MaxMatrixCols=\count106
\dotsspace@=\muskip11
\c@parentequation=\count107
\dspbrk@lvl=\count108
\tag@help=\toks18
\row@=\count109
\column@=\count110
\maxfields@=\count111
\andhelp@=\toks19
\eqnshift@=\dimen118
\alignsep@=\dimen119
\tagshift@=\dimen120
\tagwidth@=\dimen121
\totwidth@=\dimen122
\lineht@=\dimen123
\@envbody=\toks20
\multlinegap=\skip50
\multlinetaggap=\skip51
\mathdisplay@stack=\toks21
LaTeX Info: Redefining \[ on input line 2665.
LaTeX Info: Redefining \] on input line 2666.
)
(/usr/local/texlive/2015/texmf-dist/tex/latex/amsfonts/amssymb.sty
Package: amssymb 2013/01/14 v3.01 AMS font symbols

(/usr/local/texlive/2015/texmf-dist/tex/latex/amsfonts/amsfonts.sty
Package: amsfonts 2013/01/14 v3.01 Basic AMSFonts support
\symAMSa=\mathgroup5
\symAMSb=\mathgroup6
LaTeX Font Info:    Overwriting math alphabet `\mathfrak' in version `bold'
(Font)                  U/euf/m/n --> U/euf/b/n on input line 106.
))
(/usr/local/texlive/2015/texmf-dist/tex/latex/tools/bm.sty
Package: bm 2014/10/28 v1.1c Bold Symbol Support (DPC/FMi)
\symboldoperators=\mathgroup7
\symboldletters=\mathgroup8
\symboldsymbols=\mathgroup9
LaTeX Font Info:    Redeclaring math alphabet \mathbf on input line 141.
LaTeX Info: Redefining \bm on input line 207.
)
(/usr/local/texlive/2015/texmf-dist/tex/latex/blindtext/blindtext.sty
Package: blindtext 2012/01/06 V2.0 blindtext-Package

(/usr/local/texlive/2015/texmf-dist/tex/latex/tools/xspace.sty
Package: xspace 2014/10/28 v1.13 Space after command names (DPC,MH)
)
\c@blindtext=\count112
\c@Blindtext=\count113
\c@blind@countparstart=\count114
\blind@countxx=\count115
\blindtext@numBlindtext=\count116
\blind@countyy=\count117
\c@blindlist=\count118
\c@blindlistlevel=\count119
\c@blindlist@level=\count120
\blind@listitem=\count121
\c@blind@listcount=\count122
\c@blind@levelcount=\count123
\blind@mathformula=\count124
\blind@Mathformula=\count125
\c@blind@randomcount=\count126
\c@blind@randommax=\count127
\c@blind@pangramcount=\count128
\c@blind@pangrammax=\count129
)
(/usr/local/texlive/2015/texmf-dist/tex/latex/cancel/cancel.sty
Package: cancel 2013/04/12 v2.2 Cancel math terms
)
(/usr/local/texlive/2015/texmf-dist/tex/latex/caption/caption.sty
Package: caption 2013/05/02 v3.3-89 Customizing captions (AR)

(/usr/local/texlive/2015/texmf-dist/tex/latex/caption/caption3.sty
Package: caption3 2013/05/02 v1.6-88 caption3 kernel (AR)
Package caption3 Info: TeX engine: e-TeX on input line 57.
\captionmargin=\dimen124
\captionmargin@=\dimen125
\captionwidth=\dimen126
\caption@tempdima=\dimen127
\caption@indent=\dimen128
\caption@parindent=\dimen129
\caption@hangindent=\dimen130
\abovecaptionskip=\skip52
\belowcaptionskip=\skip53
Package caption Info: Unknown document class (or package),
(caption)             standard defaults will be used.
)

Package caption Warning: Unsupported document class (or package) detected,
(caption)                usage of the caption package is not recommended.
See the caption package documentation for explanation.

Package caption Info: \@makecaption = undefined.
\c@ContinuedFloat=\count130
Package caption Info: hyperref package is loaded.
) (/usr/local/texlive/2015/texmf-dist/tex/latex/graphics/color.sty
Package: color 2014/10/28 v1.1a Standard LaTeX Color (DPC)

(/usr/local/texlive/2015/texmf-dist/tex/latex/latexconfig/color.cfg
File: color.cfg 2007/01/18 v1.5 color configuration of teTeX/TeXLive
)
Package color Info: Driver file: pdftex.def on input line 142.

(/usr/local/texlive/2015/texmf-dist/tex/latex/pdftex-def/pdftex.def
File: pdftex.def 2011/05/27 v0.06d Graphics/color for pdfTeX
\Gread@gobject=\count131
))
(/usr/local/texlive/2015/texmf-dist/tex/latex/tools/dcolumn.sty
Package: dcolumn 2014/10/28 v1.06 decimal alignment package (DPC)

(/usr/local/texlive/2015/texmf-dist/tex/latex/tools/array.sty
Package: array 2014/10/28 v2.4c Tabular extension package (FMi)
\col@sep=\dimen131
\extrarowheight=\dimen132
\NC@list=\toks22
\extratabsurround=\skip54
\backup@length=\skip55
))
(/usr/local/texlive/2015/texmf-dist/tex/latex/graphics/epsfig.sty
Package: epsfig 1999/02/16 v1.7a (e)psfig emulation (SPQR)

(/usr/local/texlive/2015/texmf-dist/tex/latex/graphics/graphicx.sty
Package: graphicx 2014/10/28 v1.0g Enhanced LaTeX Graphics (DPC,SPQR)

(/usr/local/texlive/2015/texmf-dist/tex/latex/graphics/graphics.sty
Package: graphics 2014/10/28 v1.0p Standard LaTeX Graphics (DPC,SPQR)

(/usr/local/texlive/2015/texmf-dist/tex/latex/graphics/trig.sty
Package: trig 1999/03/16 v1.09 sin cos tan (DPC)
)
(/usr/local/texlive/2015/texmf-dist/tex/latex/latexconfig/graphics.cfg
File: graphics.cfg 2010/04/23 v1.9 graphics configuration of TeX Live
)
Package graphics Info: Driver file: pdftex.def on input line 94.
)
\Gin@req@height=\dimen133
\Gin@req@width=\dimen134
)
\epsfxsize=\dimen135
\epsfysize=\dimen136
)
(/usr/local/texlive/2015/texmf-dist/tex/generic/epsf/epsf.sty
This is `epsf.tex' v2.7.4 <14 February 2011>
\epsffilein=\read1
\epsfframemargin=\dimen137
\epsfframethickness=\dimen138
\epsfrsize=\dimen139
\epsftmp=\dimen140
\epsftsize=\dimen141
\epsfxsize=\dimen142
\epsfysize=\dimen143
\pspoints=\dimen144
) (/usr/local/texlive/2015/texmf-dist/tex/latex/fancyhdr/fancyhdr.sty
\fancy@headwidth=\skip56
\f@ncyO@elh=\skip57
\f@ncyO@erh=\skip58
\f@ncyO@olh=\skip59
\f@ncyO@orh=\skip60
\f@ncyO@elf=\skip61
\f@ncyO@erf=\skip62
\f@ncyO@olf=\skip63
\f@ncyO@orf=\skip64
)
(/usr/local/texlive/2015/texmf-dist/tex/latex/footmisc/footmisc.sty
Package: footmisc 2011/06/06 v5.5b a miscellany of footnote facilities
\FN@temptoken=\toks23
\footnotemargin=\dimen145


LaTeX Warning: Command \@makecol  has changed.
               Check if current package is valid.

\FN@tempboxb=\box28
\FN@tempboxc=\box29
\footglue=\skip65
\footnotebaselineskip=\dimen146
\c@pp@next@reset=\count132

LaTeX Warning: Command \@footnotemark  has changed.
               Check if current package is valid.

Package footmisc Info: Declaring symbol style bringhurst on input line 855.
Package footmisc Info: Declaring symbol style chicago on input line 863.
Package footmisc Info: Declaring symbol style wiley on input line 872.
Package footmisc Info: Declaring symbol style lamport-robust on input line 883.

Package footmisc Info: Declaring symbol style lamport* on input line 903.
Package footmisc Info: Declaring symbol style lamport*-robust on input line 924
.
) (/usr/local/texlive/2015/texmf-dist/tex/latex/graphics/lscape.sty
Package: lscape 2000/10/22 v3.01 Landscape Pages (DPC)
)
(/usr/local/texlive/2015/texmf-dist/tex/latex/tools/longtable.sty
Package: longtable 2014/10/28 v4.11 Multi-page Table package (DPC)
\LTleft=\skip66
\LTright=\skip67
\LTpre=\skip68
\LTpost=\skip69
\LTchunksize=\count133
\LTcapwidth=\dimen147
\LT@head=\box30
\LT@firsthead=\box31
\LT@foot=\box32
\LT@lastfoot=\box33
\LT@cols=\count134
\LT@rows=\count135
\c@LT@tables=\count136
\c@LT@chunks=\count137
\LT@p@ftn=\toks24
)
(/usr/local/texlive/2015/texmf-dist/tex/latex/listings/listings.sty
\lst@mode=\count138
\lst@gtempboxa=\box34
\lst@token=\toks25
\lst@length=\count139
\lst@currlwidth=\dimen148
\lst@column=\count140
\lst@pos=\count141
\lst@lostspace=\dimen149
\lst@width=\dimen150
\lst@newlines=\count142
\lst@lineno=\count143
\lst@maxwidth=\dimen151

(/usr/local/texlive/2015/texmf-dist/tex/latex/listings/lstmisc.sty
File: lstmisc.sty 2014/09/06 1.5e (Carsten Heinz)
\c@lstnumber=\count144
\lst@skipnumbers=\count145
\lst@framebox=\box35
)
(/usr/local/texlive/2015/texmf-dist/tex/latex/listings/listings.cfg
File: listings.cfg 2014/09/06 1.5e listings configuration
))
Package: listings 2014/09/06 1.5e (Carsten Heinz)

(/usr/local/texlive/2015/texmf-dist/tex/latex/multirow/multirow.sty
\bigstrutjot=\dimen152
)
(/usr/local/texlive/2015/texmf-dist/tex/latex/oberdiek/pdflscape.sty
Package: pdflscape 2008/08/11 v0.10 Display of landscape pages in PDF (HO)
Package pdflscape Info: Auto-detected driver: pdftex on input line 80.
)
(/usr/local/texlive/2015/texmf-dist/tex/latex/subfigure/subfigure.sty
Package: subfigure 2002/03/15 v2.1.5 subfigure package


Package subfigure Warning: Your document class has a bad definition
 of \endfigure, most likely
 \let\endfigure=\end@float
 which has now been changed to
 \def\endfigure{\end@float}
 because otherwise subsequent changes to \end@float
 (like done by several packages changing float behaviour)
 can't take effect on \endfigure.
 Please complain to your document class author.


Package subfigure Warning: Your document class has a bad definition
 of \endtable, most likely
 \let\endtable=\end@float
 which has now been changed to
 \def\endtable{\end@float}
 because otherwise subsequent changes to \end@float
 (like done by several packages changing float behaviour)
 can't take effect on \endtable.
 Please complain to your document class author.

\subfigtopskip=\skip70
\subfigcapskip=\skip71
\subfigcaptopadj=\dimen153
\subfigbottomskip=\skip72
\subfigcapmargin=\dimen154
\subfiglabelskip=\skip73
\c@subfigure=\count146
\c@lofdepth=\count147
\c@subtable=\count148
\c@lotdepth=\count149
****************************************
* Local config file subfigure.cfg used *
****************************************
(/usr/local/texlive/2015/texmf-dist/tex/latex/subfigure/subfigure.cfg)
\subfig@top=\skip74
\subfig@bottom=\skip75
)
(/usr/local/texlive/2015/texmf-dist/tex/latex/base/textcomp.sty
Package: textcomp 2005/09/27 v1.99g Standard LaTeX package
Package textcomp Info: Sub-encoding information:
(textcomp)               5 = only ISO-Adobe without \textcurrency
(textcomp)               4 = 5 + \texteuro
(textcomp)               3 = 4 + \textohm
(textcomp)               2 = 3 + \textestimated + \textcurrency
(textcomp)               1 = TS1 - \textcircled - \t
(textcomp)               0 = TS1 (full)
(textcomp)             Font families with sub-encoding setting implement
(textcomp)             only a restricted character set as indicated.
(textcomp)             Family '?' is the default used for unknown fonts.
(textcomp)             See the documentation for details.
Package textcomp Info: Setting ? sub-encoding to TS1/1 on input line 79.

(/usr/local/texlive/2015/texmf-dist/tex/latex/base/ts1enc.def
File: ts1enc.def 2001/06/05 v3.0e (jk/car/fm) Standard LaTeX file
)
LaTeX Info: Redefining \oldstylenums on input line 334.
Package textcomp Info: Setting cmr sub-encoding to TS1/0 on input line 349.
Package textcomp Info: Setting cmss sub-encoding to TS1/0 on input line 350.
Package textcomp Info: Setting cmtt sub-encoding to TS1/0 on input line 351.
Package textcomp Info: Setting cmvtt sub-encoding to TS1/0 on input line 352.
Package textcomp Info: Setting cmbr sub-encoding to TS1/0 on input line 353.
Package textcomp Info: Setting cmtl sub-encoding to TS1/0 on input line 354.
Package textcomp Info: Setting ccr sub-encoding to TS1/0 on input line 355.
Package textcomp Info: Setting ptm sub-encoding to TS1/4 on input line 356.
Package textcomp Info: Setting pcr sub-encoding to TS1/4 on input line 357.
Package textcomp Info: Setting phv sub-encoding to TS1/4 on input line 358.
Package textcomp Info: Setting ppl sub-encoding to TS1/3 on input line 359.
Package textcomp Info: Setting pag sub-encoding to TS1/4 on input line 360.
Package textcomp Info: Setting pbk sub-encoding to TS1/4 on input line 361.
Package textcomp Info: Setting pnc sub-encoding to TS1/4 on input line 362.
Package textcomp Info: Setting pzc sub-encoding to TS1/4 on input line 363.
Package textcomp Info: Setting bch sub-encoding to TS1/4 on input line 364.
Package textcomp Info: Setting put sub-encoding to TS1/5 on input line 365.
Package textcomp Info: Setting uag sub-encoding to TS1/5 on input line 366.
Package textcomp Info: Setting ugq sub-encoding to TS1/5 on input line 367.
Package textcomp Info: Setting ul8 sub-encoding to TS1/4 on input line 368.
Package textcomp Info: Setting ul9 sub-encoding to TS1/4 on input line 369.
Package textcomp Info: Setting augie sub-encoding to TS1/5 on input line 370.
Package textcomp Info: Setting dayrom sub-encoding to TS1/3 on input line 371.
Package textcomp Info: Setting dayroms sub-encoding to TS1/3 on input line 372.

Package textcomp Info: Setting pxr sub-encoding to TS1/0 on input line 373.
Package textcomp Info: Setting pxss sub-encoding to TS1/0 on input line 374.
Package textcomp Info: Setting pxtt sub-encoding to TS1/0 on input line 375.
Package textcomp Info: Setting txr sub-encoding to TS1/0 on input line 376.
Package textcomp Info: Setting txss sub-encoding to TS1/0 on input line 377.
Package textcomp Info: Setting txtt sub-encoding to TS1/0 on input line 378.
Package textcomp Info: Setting lmr sub-encoding to TS1/0 on input line 379.
Package textcomp Info: Setting lmdh sub-encoding to TS1/0 on input line 380.
Package textcomp Info: Setting lmss sub-encoding to TS1/0 on input line 381.
Package textcomp Info: Setting lmssq sub-encoding to TS1/0 on input line 382.
Package textcomp Info: Setting lmvtt sub-encoding to TS1/0 on input line 383.
Package textcomp Info: Setting lmtt sub-encoding to TS1/0 on input line 384.
Package textcomp Info: Setting qhv sub-encoding to TS1/0 on input line 385.
Package textcomp Info: Setting qag sub-encoding to TS1/0 on input line 386.
Package textcomp Info: Setting qbk sub-encoding to TS1/0 on input line 387.
Package textcomp Info: Setting qcr sub-encoding to TS1/0 on input line 388.
Package textcomp Info: Setting qcs sub-encoding to TS1/0 on input line 389.
Package textcomp Info: Setting qpl sub-encoding to TS1/0 on input line 390.
Package textcomp Info: Setting qtm sub-encoding to TS1/0 on input line 391.
Package textcomp Info: Setting qzc sub-encoding to TS1/0 on input line 392.
Package textcomp Info: Setting qhvc sub-encoding to TS1/0 on input line 393.
Package textcomp Info: Setting futs sub-encoding to TS1/4 on input line 394.
Package textcomp Info: Setting futx sub-encoding to TS1/4 on input line 395.
Package textcomp Info: Setting futj sub-encoding to TS1/4 on input line 396.
Package textcomp Info: Setting hlh sub-encoding to TS1/3 on input line 397.
Package textcomp Info: Setting hls sub-encoding to TS1/3 on input line 398.
Package textcomp Info: Setting hlst sub-encoding to TS1/3 on input line 399.
Package textcomp Info: Setting hlct sub-encoding to TS1/5 on input line 400.
Package textcomp Info: Setting hlx sub-encoding to TS1/5 on input line 401.
Package textcomp Info: Setting hlce sub-encoding to TS1/5 on input line 402.
Package textcomp Info: Setting hlcn sub-encoding to TS1/5 on input line 403.
Package textcomp Info: Setting hlcw sub-encoding to TS1/5 on input line 404.
Package textcomp Info: Setting hlcf sub-encoding to TS1/5 on input line 405.
Package textcomp Info: Setting pplx sub-encoding to TS1/3 on input line 406.
Package textcomp Info: Setting pplj sub-encoding to TS1/3 on input line 407.
Package textcomp Info: Setting ptmx sub-encoding to TS1/4 on input line 408.
Package textcomp Info: Setting ptmj sub-encoding to TS1/4 on input line 409.
)
(/usr/local/texlive/2015/texmf-dist/tex/latex/base/ifthen.sty
Package: ifthen 2014/09/29 v1.1c Standard LaTeX ifthen package (DPC)
)
(/usr/local/texlive/2015/texmf-dist/tex/latex/tools/verbatim.sty
Package: verbatim 2014/10/28 v1.5q LaTeX2e package for verbatim enhancements
\every@verbatim=\toks26
\verbatim@line=\toks27
\verbatim@in@stream=\read2
)
(/usr/local/texlive/2015/texmf-dist/tex/latex/xcolor/xcolor.sty
Package: xcolor 2007/01/21 v2.11 LaTeX color extensions (UK)

(/usr/local/texlive/2015/texmf-dist/tex/latex/latexconfig/color.cfg
File: color.cfg 2007/01/18 v1.5 color configuration of teTeX/TeXLive
)
Package xcolor Info: Package option `usenames' ignored on input line 216.
Package xcolor Info: Driver file: pdftex.def on input line 225.
LaTeX Info: Redefining \color on input line 702.
Package xcolor Info: Model `cmy' substituted by `cmy0' on input line 1337.
Package xcolor Info: Model `hsb' substituted by `rgb' on input line 1341.
Package xcolor Info: Model `RGB' extended on input line 1353.
Package xcolor Info: Model `HTML' substituted by `rgb' on input line 1355.
Package xcolor Info: Model `Hsb' substituted by `hsb' on input line 1356.
Package xcolor Info: Model `tHsb' substituted by `hsb' on input line 1357.
Package xcolor Info: Model `HSB' substituted by `hsb' on input line 1358.
Package xcolor Info: Model `Gray' substituted by `gray' on input line 1359.
Package xcolor Info: Model `wave' substituted by `hsb' on input line 1360.

(/usr/local/texlive/2015/texmf-dist/tex/latex/graphics/dvipsnam.def
File: dvipsnam.def 2014/10/14 v3.0j Driver-dependent file (DPC,SPQR)
))
(/usr/local/texlive/2015/texmf-dist/tex/latex/etoolbox/etoolbox.sty
Package: etoolbox 2015/05/04 v2.2 e-TeX tools for LaTeX (JAW)
\etb@tempcnta=\count150
))
No file VHzQ.aux.
\openout1 = `VHzQ.aux'.

LaTeX Font Info:    Checking defaults for OML/cmm/m/it on input line 14.
LaTeX Font Info:    ... okay on input line 14.
LaTeX Font Info:    Checking defaults for T1/cmr/m/n on input line 14.
LaTeX Font Info:    ... okay on input line 14.
LaTeX Font Info:    Checking defaults for OT1/cmr/m/n on input line 14.
LaTeX Font Info:    ... okay on input line 14.
LaTeX Font Info:    Checking defaults for OMS/cmsy/m/n on input line 14.
LaTeX Font Info:    ... okay on input line 14.
LaTeX Font Info:    Checking defaults for OMX/cmex/m/n on input line 14.
LaTeX Font Info:    ... okay on input line 14.
LaTeX Font Info:    Checking defaults for U/cmr/m/n on input line 14.
LaTeX Font Info:    ... okay on input line 14.
LaTeX Font Info:    Checking defaults for PD1/pdf/m/n on input line 14.
LaTeX Font Info:    ... okay on input line 14.
LaTeX Font Info:    Checking defaults for TS1/cmr/m/n on input line 14.
LaTeX Font Info:    Try loading font information for TS1+cmr on input line 14.
(/usr/local/texlive/2015/texmf-dist/tex/latex/base/ts1cmr.fd
File: ts1cmr.fd 2014/09/29 v2.5h Standard LaTeX font definitions
)
LaTeX Font Info:    ... okay on input line 14.

*geometry* driver: auto-detecting
*geometry* detected driver: pdftex
*geometry* verbose mode - [ preamble ] result:
* driver: pdftex
* paper: a4paper
* layout: <same size as paper>
* layoutoffset:(h,v)=(0.0pt,0.0pt)
* modes: twoside 
* h-part:(L,W,R)=(71.70166pt, 418.25368pt, 107.55254pt)
* v-part:(T,H,B)=(101.40665pt, 591.5302pt, 152.11pt)
* \paperwidth=597.50787pt
* \paperheight=845.04684pt
* \textwidth=504.0pt
* \textheight=682.0pt
* \oddsidemargin=-30.0pt
* \evensidemargin=-30.0pt
* \topmargin=0.0pt
* \headheight=14.0pt
* \headsep=15.0pt
* \topskip=9.0pt
* \footskip=22.0pt
* \marginparwidth=48.0pt
* \marginparsep=6.0pt
* \columnsep=24.0pt
* \skip\footins=19.5pt plus 12.0pt minus 1.0pt
* \hoffset=0.0pt
* \voffset=0.0pt
* \mag=1000
* \@twocolumntrue
* \@twosidetrue
* \@mparswitchtrue
* \@reversemarginfalse
* (1in=72.27pt=25.4mm, 1cm=28.453pt)

\AtBeginShipoutBox=\box36
Package hyperref Info: Link coloring ON on input line 14.
(/usr/local/texlive/2015/texmf-dist/tex/latex/hyperref/nameref.sty
Package: nameref 2012/10/27 v2.43 Cross-referencing by name of section

(/usr/local/texlive/2015/texmf-dist/tex/generic/oberdiek/gettitlestring.sty
Package: gettitlestring 2010/12/03 v1.4 Cleanup title references (HO)
)
\c@section@level=\count151
)
LaTeX Info: Redefining \ref on input line 14.
LaTeX Info: Redefining \pageref on input line 14.
LaTeX Info: Redefining \nameref on input line 14.
\@outlinefile=\write3
\openout3 = `VHzQ.out'.

Package caption Info: Begin \AtBeginDocument code.
Package caption Info: Incompatible package detected (regarding \caption).
(caption)             \caption = macro:->\refstepcounter \@captype \@dblarg {\@
caption \@captype }.


Package caption Warning: \caption will not be redefined since it's already
(caption)                redefined by a document class or package which is
(caption)                unknown to the caption package.
See the caption package documentation for explanation.

Package caption Info: listings package is loaded.
Package caption Info: longtable package is loaded.
(/usr/local/texlive/2015/texmf-dist/tex/latex/caption/ltcaption.sty
Package: ltcaption 2013/02/03 v1.3-62 longtable captions (AR)
)
Package caption Info: subfigure package is loaded.
Package caption Info: End \AtBeginDocument code.

(/usr/local/texlive/2015/texmf-dist/tex/context/base/supp-pdf.mkii
[Loading MPS to PDF converter (version 2006.09.02).]
\scratchcounter=\count152
\scratchdimen=\dimen155
\scratchbox=\box37
\nofMPsegments=\count153
\nofMParguments=\count154
\everyMPshowfont=\toks28
\MPscratchCnt=\count155
\MPscratchDim=\dimen156
\MPnumerator=\count156
\makeMPintoPDFobject=\count157
\everyMPtoPDFconversion=\toks29
) (/usr/local/texlive/2015/texmf-dist/tex/latex/oberdiek/epstopdf-base.sty
Package: epstopdf-base 2010/02/09 v2.5 Base part for package epstopdf

(/usr/local/texlive/2015/texmf-dist/tex/latex/oberdiek/grfext.sty
Package: grfext 2010/08/19 v1.1 Manage graphics extensions (HO)
)
Package grfext Info: Graphics extension search list:
(grfext)             [.png,.pdf,.jpg,.mps,.jpeg,.jbig2,.jb2,.PNG,.PDF,.JPG,.JPE
G,.JBIG2,.JB2,.eps]
(grfext)             \AppendGraphicsExtensions on input line 452.

(/usr/local/texlive/2015/texmf-dist/tex/latex/latexconfig/epstopdf-sys.cfg
File: epstopdf-sys.cfg 2010/07/13 v1.3 Configuration of (r)epstopdf for TeX Liv
e
))
\c@lstlisting=\count158
LaTeX Font Info:    Try loading font information for U+msa on input line 24.

(/usr/local/texlive/2015/texmf-dist/tex/latex/amsfonts/umsa.fd
File: umsa.fd 2013/01/14 v3.01 AMS symbols A
)
LaTeX Font Info:    Try loading font information for U+msb on input line 24.

(/usr/local/texlive/2015/texmf-dist/tex/latex/amsfonts/umsb.fd
File: umsb.fd 2013/01/14 v3.01 AMS symbols B
)

Package natbib Warning: Citation `Fan2006review' on page 1 undefined on input l
ine 62.


Package natbib Warning: Citation `Mortlock2016' on page 1 undefined on input li
ne 62.


Package natbib Warning: Citation `Rees1984' on page 1 undefined on input line 6
4.


Package natbib Warning: Citation `WyitheLoeb2003' on page 1 undefined on input 
line 64.


Package natbib Warning: Citation `Volonteri2010' on page 1 undefined on input l
ine 64.


Package natbib Warning: Citation `Agarwal2016' on page 1 undefined on input lin
e 64.


Package natbib Warning: Citation `Valiante2018' on page 1 undefined on input li
ne 64.


Package natbib Warning: Citation `Latif2018' on page 1 undefined on input line 
64.


Package natbib Warning: Citation `Wise2019' on page 1 undefined on input line 6
4.


Package natbib Warning: Citation `Simcoe2012' on page 1 undefined on input line
 66.


Package natbib Warning: Citation `Chen2017' on page 1 undefined on input line 6
6.


Package natbib Warning: Citation `Bosman2017' on page 1 undefined on input line
 66.


Package natbib Warning: Citation `AlexanderNatarajan2014' on page 1 undefined o
n input line 72.


Package natbib Warning: Citation `MadauHaardtDotti2014' on page 1 undefined on 
input line 72.


Package natbib Warning: Citation `Volonteri2015' on page 1 undefined on input l
ine 72.


Package natbib Warning: Citation `Pezzulli2016' on page 1 undefined on input li
ne 72.


Package natbib Warning: Citation `Lupi2016' on page 1 undefined on input line 7
2.


Package natbib Warning: Citation `Pezzulli2017' on page 1 undefined on input li
ne 72.


Package natbib Warning: Citation `Takeo2018' on page 1 undefined on input line 
72.


Package natbib Warning: Citation `Richards2006b' on page 1 undefined on input l
ine 88.


Package natbib Warning: Citation `Leipski2014' on page 1 undefined on input lin
e 88.


Package natbib Warning: Citation `Hill2014' on page 1 undefined on input line 8
8.


Package natbib Warning: Citation `Hickox2017' on page 1 undefined on input line
 88.


Package natbib Warning: Citation `Haardt2016book' on page 1 undefined on input 
line 94.


Package natbib Warning: Citation `Wright1994' on page 1 undefined on input line
 97.


Package natbib Warning: Citation `Sawicki2002' on page 1 undefined on input lin
e 97.


Package natbib Warning: Citation `Lacy2004' on page 1 undefined on input line 9
7.


Package natbib Warning: Citation `Stern2005' on page 1 undefined on input line 
97.


Package natbib Warning: Citation `Richards2006b' on page 1 undefined on input l
ine 97.


Package natbib Warning: Citation `Timlin2016' on page 1 undefined on input line
 97.


Package natbib Warning: Citation `Yan2007' on page 1 undefined on input line 10
0.


Package natbib Warning: Citation `Tielens2008' on page 1 undefined on input lin
e 100.


Package natbib Warning: Citation `Jiang2006dust' on page 1 undefined on input l
ine 102.


Package natbib Warning: Citation `Jiang2010' on page 1 undefined on input line 
102.


Package natbib Warning: Citation `WangR2008' on page 1 undefined on input line 
109.


Package natbib Warning: Citation `WangR2011' on page 1 undefined on input line 
109.


Package natbib Warning: Citation `Assef2018' on page 1 undefined on input line 
116.


Package natbib Warning: Citation `Blain2013' on page 1 undefined on input line 
116.


Package natbib Warning: Citation `Blain2013' on page 1 undefined on input line 
118.


Package natbib Warning: Citation `Banados2016' on page 1 undefined on input lin
e 122.


Package natbib Warning: Citation `Kaiser2002' on page 1 undefined on input line
 124.


Package natbib Warning: Citation `Kaiser2010' on page 1 undefined on input line
 124.


Underfull \hbox (badness 10000) has occurred while \output is active
[]$[]$ \OT1/cmr/m/n/8 His-tor-i-cally, ``quasars'' and ``Ac-tive Galac-tic Nu-c
lei
 []


Underfull \hbox (badness 10000) has occurred while \output is active
\OT1/cmr/m/n/8 (AGN)'' have de-scribed dif-fer-ent lu-mi-nos-i-ty/-classes of
 []


Underfull \hbox (badness 2951) has occurred while \output is active
\OT1/cmr/m/n/8 ob-jects. In recog-ni-tion of the fact that both terms de-
 []


Underfull \hbox (badness 4726) has occurred while \output is active
\OT1/cmr/m/n/8 scribe ac-cret-ing su-per-mas-sive black holes, we use these
 []


Underfull \hbox (badness 1824) has occurred while \output is active
\OT1/cmr/m/n/8 terms in-ter-change-ably, with a pref-er-ence for quasar, since
 []


Underfull \hbox (badness 3942) has occurred while \output is active
\OT1/cmr/m/n/8 we are gen-er-ally in the higher-$\OML/cmm/m/it/8 L$ \OT1/cmr/m/
n/8 regime (e.g. \OT1/cmr/bx/n/8 ?\OT1/cmr/m/n/8 ).| $[]$
 []


Overfull \vbox (5.7928pt too high) has occurred while \output is active []


[1{/usr/local/texlive/2015/texmf-var/fonts/map/pdftex/updmap/pdftex.map}


]

Package natbib Warning: Citation `Schlafly2019' on page 2 undefined on input li
ne 128.


Package natbib Warning: Citation `Mainzer2014' on page 2 undefined on input lin
e 128.


Package natbib Warning: Citation `Oke_Gunn1983' on page 2 undefined on input li
ne 161.


Package natbib Warning: Citation `Fukugita1996' on page 2 undefined on input li
ne 161.


Package natbib Warning: Citation `Planck2016' on page 2 undefined on input line
 166.


Package natbib Warning: Citation `Banados2016' on page 2 undefined on input lin
e 166.


Underfull \hbox (badness 10000) has occurred while \output is active
[]$[]$ [][]\OT1/cmr/m/n/8 lsst.org[][];| $[]$ [][]sci.esa.int/euclid[][];| $[]$
 [][]jwst.nasa.gov[][];| $[]$
 []


Underfull \hbox (badness 10000) has occurred while \output is active
[][]\OT1/cmr/m/n/8 sci.esa.int/jwst[][];| $[]$ [][]www.asc-csa.gc.ca/eng/satell
ites/jwst[][];|
 []


</cos_pc19a_npr/programs/quasars/highest_z/SEDs/filters_vs_QSOstars_z6pnt7.pdf,
 id=40, 1156.32pt x 505.89pt>
File: /cos_pc19a_npr/programs/quasars/highest_z/SEDs/filters_vs_QSOstars_z6pnt7
.pdf Graphic file (type pdf)

<use /cos_pc19a_npr/programs/quasars/highest_z/SEDs/filters_vs_QSOstars_z6pnt7.
pdf>
Package pdftex.def Info: /cos_pc19a_npr/programs/quasars/highest_z/SEDs/filters
_vs_QSOstars_z6pnt7.pdf used on input line 183.
(pdftex.def)             Requested size: 244.69386pt x 117.05421pt.

Overfull \hbox (4.69386pt too wide) in paragraph at lines 183--192
 [][] 
 []


Package natbib Warning: Citation `Brown2014b' on page 2 undefined on input line
 192.


Package natbib Warning: Citation `VdB2001' on page 2 undefined on input line 19
2.


Package natbib Warning: Citation `Banados2016' on page 2 undefined on input lin
e 192.


Package natbib Warning: Citation `Cushing2006' on page 2 undefined on input lin
e 192.


Package natbib Warning: Citation `Brown2014b' on page 2 undefined on input line
 192.


Package natbib Warning: Citation `VdB2001' on page 2 undefined on input line 19
2.


Package natbib Warning: Citation `Banados2016' on page 2 undefined on input lin
e 192.


Package natbib Warning: Citation `Cushing2006' on page 2 undefined on input lin
e 192.


Package natbib Warning: Citation `Casali2007' on page 2 undefined on input line
 208.


Package natbib Warning: Citation `Lawrence2007' on page 2 undefined on input li
ne 210.


Package natbib Warning: Citation `Emerson2006' on page 2 undefined on input lin
e 211.


Package natbib Warning: Citation `Dalton2006' on page 2 undefined on input line
 211.


Package natbib Warning: Citation `Wright2010' on page 2 undefined on input line
 214.


Package natbib Warning: Citation `Cutri2013' on page 2 undefined on input line 
214.


LaTeX Warning: Reference `fig:filters' on page 2 undefined on input line 214.


Package natbib Warning: Citation `Banados2014' on page 2 undefined on input lin
e 221.


Package natbib Warning: Citation `Banados2016' on page 2 undefined on input lin
e 221.


Package natbib Warning: Citation `Banados2018' on page 2 undefined on input lin
e 221.


Package natbib Warning: Citation `Becker2015' on page 2 undefined on input line
 222.


Package natbib Warning: Citation `Calura2014' on page 2 undefined on input line
 223.


Package natbib Warning: Citation `Carilli2007' on page 2 undefined on input lin
e 224.


Package natbib Warning: Citation `Carilli2010' on page 2 undefined on input lin
e 224.


Package natbib Warning: Citation `Carnall2015' on page 2 undefined on input lin
e 225.


Package natbib Warning: Citation `Cool2006' on page 2 undefined on input line 2
26.


Package natbib Warning: Citation `DeRosa2011' on page 2 undefined on input line
 227.


Package natbib Warning: Citation `Fan2000' on page 2 undefined on input line 22
8.


Package natbib Warning: Citation `Fan2001c' on page 2 undefined on input line 2
28.


Package natbib Warning: Citation `Fan2003' on page 2 undefined on input line 22
8.


Package natbib Warning: Citation `Fan2004' on page 2 undefined on input line 22
8.


Package natbib Warning: Citation `Fan2006' on page 2 undefined on input line 22
8.


Package natbib Warning: Citation `Fan2018' on page 2 undefined on input line 22
8.


Package natbib Warning: Citation `Goto2006' on page 2 undefined on input line 2
29.


Package natbib Warning: Citation `Ikeda2017' on page 2 undefined on input line 
230.


Package natbib Warning: Citation `Jiang2008' on page 2 undefined on input line 
231.


Package natbib Warning: Citation `Jiang2009' on page 2 undefined on input line 
231.


Package natbib Warning: Citation `Jiang2015' on page 2 undefined on input line 
231.


Package natbib Warning: Citation `Jiang2016' on page 2 undefined on input line 
231.


Package natbib Warning: Citation `Kashikawa2015' on page 2 undefined on input l
ine 232.


Package natbib Warning: Citation `Koptelova2017' on page 2 undefined on input l
ine 233.


Package natbib Warning: Citation `Kim2015' on page 2 undefined on input line 23
4.


Package natbib Warning: Citation `Kim2018' on page 2 undefined on input line 23
4.


Package natbib Warning: Citation `Kurk2007' on page 2 undefined on input line 2
35.


Package natbib Warning: Citation `Kurk2009' on page 2 undefined on input line 2
35.


Package natbib Warning: Citation `Leipski2014' on page 2 undefined on input lin
e 236.


Package natbib Warning: Citation `Mahabal2005' on page 2 undefined on input lin
e 237.


Package natbib Warning: Citation `Matsuoka2016' on page 2 undefined on input li
ne 238.


Package natbib Warning: Citation `Matsuoka2018a' on page 2 undefined on input l
ine 238.


Package natbib Warning: Citation `Matsuoka2018b' on page 2 undefined on input l
ine 238.


Package natbib Warning: Citation `Mazzucchelli2017' on page 2 undefined on inpu
t line 239.


Package natbib Warning: Citation `Morganson2012' on page 2 undefined on input l
ine 240.


Package natbib Warning: Citation `Mortlock2009' on page 2 undefined on input li
ne 241.


Package natbib Warning: Citation `Mortlock2011' on page 2 undefined on input li
ne 241.


Package natbib Warning: Citation `McGreer2006' on page 2 undefined on input lin
e 242.


Package natbib Warning: Citation `McGreer2013' on page 2 undefined on input lin
e 242.


Package natbib Warning: Citation `Reed2015' on page 2 undefined on input line 2
43.


Package natbib Warning: Citation `Reed2017' on page 2 undefined on input line 2
43.


Package natbib Warning: Citation `Stern2007' on page 2 undefined on input line 
244.


Package natbib Warning: Citation `Tang2017' on page 2 undefined on input line 2
45.


Package natbib Warning: Citation `Venemans2007' on page 2 undefined on input li
ne 246.


Package natbib Warning: Citation `Venemans2012' on page 2 undefined on input li
ne 246.


Package natbib Warning: Citation `Venemans2013' on page 2 undefined on input li
ne 246.


Package natbib Warning: Citation `Venemans2015a' on page 2 undefined on input l
ine 246.


Package natbib Warning: Citation `Venemans2015b' on page 2 undefined on input l
ine 246.


Package natbib Warning: Citation `Venemans2016' on page 2 undefined on input li
ne 246.


Package natbib Warning: Citation `WangF2016' on page 2 undefined on input line 
247.


Package natbib Warning: Citation `WangF2017' on page 2 undefined on input line 
247.


Package natbib Warning: Citation `WangF2018a' on page 2 undefined on input line
 247.


Package natbib Warning: Citation `WangF2018b' on page 2 undefined on input line
 247.


Package natbib Warning: Citation `Willott2007' on page 2 undefined on input lin
e 248.


Package natbib Warning: Citation `Willott2009' on page 2 undefined on input lin
e 248.


Package natbib Warning: Citation `Willott2010a' on page 2 undefined on input li
ne 248.


Package natbib Warning: Citation `Willott2013b' on page 2 undefined on input li
ne 248.


Package natbib Warning: Citation `Willott2015' on page 2 undefined on input lin
e 248.


Package natbib Warning: Citation `Wu2015' on page 2 undefined on input line 249
.


Package natbib Warning: Citation `YangJ2018a' on page 2 undefined on input line
 250.


Package natbib Warning: Citation `YangJ2018b' on page 2 undefined on input line
 250.


Package natbib Warning: Citation `Zeimann2011' on page 2 undefined on input lin
e 252.


Package natbib Warning: Citation `Banados2016' on page 2 undefined on input lin
e 260.


LaTeX Warning: Reference `tab:surveys' on page 2 undefined on input line 265.


LaTeX Warning: Reference `tab:surveys' on page 2 undefined on input line 266.


LaTeX Warning: Reference `tab:surveys' on page 2 undefined on input line 269.

[2pdfTeX warning (ext4): destination with the same identifier (name{figure.1}) 
has been already used, duplicate ignored

\AtBegShi@Output ...ipout \box \AtBeginShipoutBox 
                                                  \fi \fi 
l.277 
       </cos_pc19a_npr/programs/quasars/highest_z/SEDs/filters_vs_QSOstars_z6pn
t7.pdf>]

Package natbib Warning: Citation `Shanks2015' on page 3 undefined on input line
 284.


Package natbib Warning: Citation `Willott2007' on page 3 undefined on input lin
e 285.


Package natbib Warning: Citation `Dey2018' on page 3 undefined on input line 28
6.


Package natbib Warning: Citation `Vaisanen2000' on page 3 undefined on input li
ne 287.


Package natbib Warning: Citation `Becker1995' on page 3 undefined on input line
 288.


Package natbib Warning: Citation `Miyazaki2018' on page 3 undefined on input li
ne 289.


Package natbib Warning: Citation `Kim2015' on page 3 undefined on input line 29
0.


Package natbib Warning: Citation `McGreer2013' on page 3 undefined on input lin
e 291.


Package natbib Warning: Citation `JD1999' on page 3 undefined on input line 292
.


Package natbib Warning: Citation `Kaiser2002' on page 3 undefined on input line
 293.


Package natbib Warning: Citation `Kaiser2010' on page 3 undefined on input line
 293.


Package natbib Warning: Citation `Mahabal2005' on page 3 undefined on input lin
e 294.


Package natbib Warning: Citation `EDR' on page 3 undefined on input line 295.


Package natbib Warning: Citation `WangF2016' on page 3 undefined on input line 
296.


Package natbib Warning: Citation `Matsuoka2016' on page 3 undefined on input li
ne 298.


Package natbib Warning: Citation `YangJ2017' on page 3 undefined on input line 
299.


Package natbib Warning: Citation `WangF2017' on page 3 undefined on input line 
300.


Package natbib Warning: Citation `Lawrence2007' on page 3 undefined on input li
ne 301.


Package natbib Warning: Citation `Reed2017' on page 3 undefined on input line 3
02.


Package natbib Warning: Citation `WangF2018b' on page 3 undefined on input line
 303.


Package natbib Warning: Citation `Edge2013' on page 3 undefined on input line 3
04.


Package natbib Warning: Citation `LeFevre2003' on page 3 undefined on input lin
e 305.


</cos_pc19a_npr/programs/quasars/highest_z/Nofz/Nofz_0pnt075bins_20181211.png, 
id=125, 361.35pt x 216.81pt>
File: /cos_pc19a_npr/programs/quasars/highest_z/Nofz/Nofz_0pnt075bins_20181211.
png Graphic file (type png)

<use /cos_pc19a_npr/programs/quasars/highest_z/Nofz/Nofz_0pnt075bins_20181211.p
ng>
Package pdftex.def Info: /cos_pc19a_npr/programs/quasars/highest_z/Nofz/Nofz_0p
nt075bins_20181211.png used on input line 322.
(pdftex.def)             Requested size: 227.62204pt x 148.24597pt.


LaTeX Warning: Reference `tab:ages' on page 3 undefined on input line 359.


LaTeX Warning: Reference `fig:Nofz' on page 3 undefined on input line 361.


</cos_pc19a_npr/programs/quasars/highest_z/data/WSA_VSA/CoverageMaps_VHzQ_forpa
per.png, id=128, 826.08624pt x 706.64pt>
File: /cos_pc19a_npr/programs/quasars/highest_z/data/WSA_VSA/CoverageMaps_VHzQ_
forpaper.png Graphic file (type png)

<use /cos_pc19a_npr/programs/quasars/highest_z/data/WSA_VSA/CoverageMaps_VHzQ_f
orpaper.png>
Package pdftex.def Info: /cos_pc19a_npr/programs/quasars/highest_z/data/WSA_VSA
/CoverageMaps_VHzQ_forpaper.png used on input line 370.
(pdftex.def)             Requested size: 227.62204pt x 196.05717pt.


Package natbib Warning: Citation `Hambly2008' on page 3 undefined on input line
 381.


Package natbib Warning: Citation `Cross2012' on page 3 undefined on input line 
382.


Package natbib Warning: Citation `VDFS' on page 3 undefined on input line 383.

[3pdfTeX warning (ext4): destination with the same identifier (name{table.1}) h
as been already used, duplicate ignored

\AtBegShi@Output ...ipout \box \AtBeginShipoutBox 
                                                  \fi \fi 
l.398 
      pdfTeX warning (ext4): destination with the same identifier (name{figure.
2}) has been already used, duplicate ignored

\AtBegShi@Output ...ipout \box \AtBeginShipoutBox 
                                                  \fi \fi 
l.398 
      pdfTeX warning (ext4): destination with the same identifier (name{table.2
}) has been already used, duplicate ignored

\AtBegShi@Output ...ipout \box \AtBeginShipoutBox 
                                                  \fi \fi 
l.398 
      pdfTeX warning (ext4): destination with the same identifier (name{figure.
3}) has been already used, duplicate ignored

\AtBegShi@Output ...ipout \box \AtBeginShipoutBox 
                                                  \fi \fi 
l.398 
       </cos_pc19a_npr/programs/quasars/highest_z/Nofz/Nofz_0pnt075bins_2018121
1.png> </cos_pc19a_npr/programs/quasars/highest_z/data/WSA_VSA/CoverageMaps_VHz
Q_forpaper.png (PNG copy)>]

Package natbib Warning: Citation `Cross2013' on page 4 undefined on input line 
414.


LaTeX Warning: Reference `sec:SQL' on page 4 undefined on input line 420.


Underfull \hbox (badness 4403) in paragraph at lines 443--448
[]\OT1/cmr/m/n/9 We cal-cu-late a set of av-er-aged cat-a-logues, for
 []


Package natbib Warning: Citation `Mainzer2011' on page 4 undefined on input lin
e 457.


Package natbib Warning: Citation `Mainzer2014' on page 4 undefined on input lin
e 457.


Package natbib Warning: Citation `Wright2010' on page 4 undefined on input line
 459.


Package natbib Warning: Citation `Mainzer2011' on page 4 undefined on input lin
e 459.


Package natbib Warning: Citation `Schlafly2019' on page 4 undefined on input li
ne 459.


Package natbib Warning: Citation `Lang2014' on page 4 undefined on input line 4
59.


Package natbib Warning: Citation `Meisner2018a' on page 4 undefined on input li
ne 459.


Package natbib Warning: Citation `Meisner2018b' on page 4 undefined on input li
ne 459.


Package natbib Warning: Citation `Meisner2017a' on page 4 undefined on input li
ne 461.


Package natbib Warning: Citation `Krawczyk2013' on page 4 undefined on input li
ne 463.


Package natbib Warning: Citation `Ross2015' on page 4 undefined on input line 4
63.


Package natbib Warning: Citation `Bilicki2016' on page 4 undefined on input lin
e 463.


Package natbib Warning: Citation `Krawczyk2013' on page 4 undefined on input li
ne 463.

[4]

Package natbib Warning: Citation `Meisner2017a' on page 5 undefined on input li
ne 474.

Missing character: There is no  in font cmr9!
Missing character: There is no  in font cmr9!

LaTeX Warning: Reference `tab:output_table' on page 5 undefined on input line 5
02.

[5

] (../tables_for_paper/output_table.tex
Overfull \hbox (332.37744pt too wide) in paragraph at lines 2--22
[][]
 []

)
Underfull \vbox (badness 10000) has occurred while \output is active []


Overfull \hbox (860.0pt too wide) has occurred while \output is active
[] []|[] []
 []

[6pdfTeX warning (ext4): destination with the same identifier (name{table.3}) h
as been already used, duplicate ignored

\AtBegShi@Output ...ipout \box \AtBeginShipoutBox 
                                                  \fi \fi 
l.506 \end{landscape}
                     


]

LaTeX Warning: Reference `tab:nir_detection' on page 7 undefined on input line 
530.


LaTeX Warning: Reference `tab:WFCAM_vs_VISTA' on page 7 undefined on input line
 576.


Underfull \hbox (badness 5417) in paragraph at lines 596--596
[]\OT1/cmr/bx/n/8 Table 5. []\OT1/cmr/m/n/8 Comparing the mag-ni-tudes in dif-f
er-ent WF-
 []


Overfull \hbox (11.25282pt too wide) in paragraph at lines 615--631
 [][] 
 []

! Undefined control sequence.
<argument> ...ift. A signal-to-noise cut of {\tot 
                                                  w$x$snr}$>3.0$ has been us...
l.631 ...$snr}$>3.0$ has been used for each band.}
                                                  
? 
! Undefined control sequence.
<argument> ...ift. A signal-to-noise cut of {\tot 
                                                  w$x$snr}$>3.0$ has been us...
l.631 ...$snr}$>3.0$ has been used for each band.}
                                                  
? 
! Undefined control sequence.
<argument> ...ift. A signal-to-noise cut of {\tot 
                                                  w$x$snr}$>3.0$ has been us...
l.631 ...$snr}$>3.0$ has been used for each band.}
                                                  
? 

LaTeX Warning: Reference `fig:WISEmag_vs_coverage' on page 7 undefined on input
 line 639.


</cos_pc19a_npr/programs/quasars/highest_z/detections/WISEmag_vs_coverage_20190
605.pdf, id=171, 607.068pt x 578.16pt>
File: /cos_pc19a_npr/programs/quasars/highest_z/detections/WISEmag_vs_coverage_
20190605.pdf Graphic file (type pdf)

<use /cos_pc19a_npr/programs/quasars/highest_z/detections/WISEmag_vs_coverage_2
0190605.pdf>
Package pdftex.def Info: /cos_pc19a_npr/programs/quasars/highest_z/detections/W
ISEmag_vs_coverage_20190605.pdf used on input line 648.
(pdftex.def)             Requested size: 244.69386pt x 225.62161pt.

Overfull \hbox (4.69386pt too wide) in paragraph at lines 648--653
 [][] 
 []


LaTeX Warning: Reference `tab:mir_detection' on page 7 undefined on input line 
657.


</cos_pc19a_npr/programs/quasars/highest_z/detections/WISEsnrW1W2W3W4_2by3_v1.p
df, id=173, 867.24pt x 578.16pt>
File: /cos_pc19a_npr/programs/quasars/highest_z/detections/WISEsnrW1W2W3W4_2by3
_v1.pdf Graphic file (type pdf)

<use /cos_pc19a_npr/programs/quasars/highest_z/detections/WISEsnrW1W2W3W4_2by3_
v1.pdf>
Package pdftex.def Info: /cos_pc19a_npr/programs/quasars/highest_z/detections/W
ISEsnrW1W2W3W4_2by3_v1.pdf used on input line 680.
(pdftex.def)             Requested size: 244.69386pt x 165.2978pt.

Overfull \hbox (4.69386pt too wide) in paragraph at lines 680--684
 [][] 
 []


Package natbib Warning: Citation `Blain2013' on page 7 undefined on input line 
688.


Package natbib Warning: Citation `Assef2018' on page 7 undefined on input line 
690.


Package natbib Warning: Citation `Wu2015' on page 7 undefined on input line 700
.


Package natbib Warning: Citation `Mortlock2011' on page 7 undefined on input li
ne 701.


Package natbib Warning: Citation `Banados2018' on page 7 undefined on input lin
e 702.

[7pdfTeX warning (ext4): destination with the same identifier (name{table.4}) h
as been already used, duplicate ignored

\AtBegShi@Output ...ipout \box \AtBeginShipoutBox 
                                                  \fi \fi 
l.703 
      

pdfTeX warning (ext4): destination with the same identifier (name{table.5}) has
 been already used, duplicate ignored

\AtBegShi@Output ...ipout \box \AtBeginShipoutBox 
                                                  \fi \fi 
l.703 
      pdfTeX warning (ext4): destination with the same identifier (name{table.6
}) has been already used, duplicate ignored

\AtBegShi@Output ...ipout \box \AtBeginShipoutBox 
                                                  \fi \fi 
l.703 
      ]
<../color_color/W1W2_plots/W1W2W3_hexplots_20190610v2.png, id=187, 722.7pt x 72
2.7pt>
File: ../color_color/W1W2_plots/W1W2W3_hexplots_20190610v2.png Graphic file (ty
pe png)
 <use ../color_color/W1W2_plots/W1W2W3_hexplots_20190610v2.png>
Package pdftex.def Info: ../color_color/W1W2_plots/W1W2W3_hexplots_20190610v2.p
ng used on input line 708.
(pdftex.def)             Requested size: 244.69386pt x 242.67447pt.

Overfull \hbox (4.69386pt too wide) in paragraph at lines 708--713
 [][] 
 []

Missing character: There is no  in font cmr8!
Missing character: There is no  in font cmr8!
Missing character: There is no  in font cmr8!
Missing character: There is no  in font cmr8!
Missing character: There is no  in font cmr8!
Missing character: There is no  in font cmr8!

LaTeX Warning: Reference `fig:W1W2W3' on page 8 undefined on input line 722.

Missing character: There is no  in font cmr9!
Missing character: There is no  in font cmr9!
Missing character: There is no  in font cmr9!

LaTeX Warning: Reference `fig:DELS_J1048' on page 8 undefined on input line 735
.


<../data/WISE/image_thumbnails/UHS_J0439+1634.png, id=189, 769.87625pt x 769.87
625pt>
File: ../data/WISE/image_thumbnails/UHS_J0439+1634.png Graphic file (type png)
 <use ../data/WISE/image_thumbnails/UHS_J0439+1634.png>
Package pdftex.def Info: ../data/WISE/image_thumbnails/UHS_J0439+1634.png used 
on input line 744.
(pdftex.def)             Requested size: 120.96277pt x 120.96246pt.

<../data/WISE/image_thumbnails/SDSS_J0100+2802.png, id=190, 625.33624pt x 625.3
3624pt>
File: ../data/WISE/image_thumbnails/SDSS_J0100+2802.png Graphic file (type png)

 <use ../data/WISE/image_thumbnails/SDSS_J0100+2802.png>
Package pdftex.def Info: ../data/WISE/image_thumbnails/SDSS_J0100+2802.png used
 on input line 745.
(pdftex.def)             Requested size: 120.96277pt x 120.96204pt.

<../data/WISE/image_thumbnails/SDSS_J1443+3623.png, id=191, 502.87875pt x 502.8
7875pt>
File: ../data/WISE/image_thumbnails/SDSS_J1443+3623.png Graphic file (type png)

 <use ../data/WISE/image_thumbnails/SDSS_J1443+3623.png>
Package pdftex.def Info: ../data/WISE/image_thumbnails/SDSS_J1443+3623.png used
 on input line 746.
(pdftex.def)             Requested size: 120.96277pt x 120.96193pt.

<../data/WISE/image_thumbnails/SDSS_J1623+4705.png, id=192, 507.8975pt x 502.87
875pt>
File: ../data/WISE/image_thumbnails/SDSS_J1623+4705.png Graphic file (type png)

 <use ../data/WISE/image_thumbnails/SDSS_J1623+4705.png>
Package pdftex.def Info: ../data/WISE/image_thumbnails/SDSS_J1623+4705.png used
 on input line 747.
(pdftex.def)             Requested size: 120.96277pt x 119.7649pt.

</cos_pc19a_npr/programs/quasars/highest_z/light_curves/MIR_LCs/NEOWISER_LC_his
togramlog_20180827.png, id=193, 614.295pt x 614.295pt>
File: /cos_pc19a_npr/programs/quasars/highest_z/light_curves/MIR_LCs/NEOWISER_L
C_histogramlog_20180827.png Graphic file (type png)

<use /cos_pc19a_npr/programs/quasars/highest_z/light_curves/MIR_LCs/NEOWISER_LC
_histogramlog_20180827.png>
Package pdftex.def Info: /cos_pc19a_npr/programs/quasars/highest_z/light_curves
/MIR_LCs/NEOWISER_LC_histogramlog_20180827.png used on input line 760.
(pdftex.def)             Requested size: 241.84842pt x 241.8518pt.

Overfull \hbox (1.84842pt too wide) in paragraph at lines 760--764
 [][] 
 []


LaTeX Warning: Reference `sec:NIR_data' on page 8 undefined on input line 780.


LaTeX Warning: Reference `sec:NIR_SQL' on page 8 undefined on input line 780.


</cos_pc19a_npr/programs/quasars/highest_z/light_curves/MIR_LCs/three_MIR_LC_eg
s_20180827.pdf, id=194, 657.84662pt x 755.65643pt>
File: /cos_pc19a_npr/programs/quasars/highest_z/light_curves/MIR_LCs/three_MIR_
LC_egs_20180827.pdf Graphic file (type pdf)

<use /cos_pc19a_npr/programs/quasars/highest_z/light_curves/MIR_LCs/three_MIR_L
C_egs_20180827.pdf>
Package pdftex.def Info: /cos_pc19a_npr/programs/quasars/highest_z/light_curves
/MIR_LCs/three_MIR_LC_egs_20180827.pdf used on input line 784.
(pdftex.def)             Requested size: 241.84842pt x 277.80128pt.

Overfull \hbox (1.84842pt too wide) in paragraph at lines 784--788
 [][] 
 []


Package natbib Warning: Citation `Wu2015' on page 8 undefined on input line 788
.


Package natbib Warning: Citation `Wu2015' on page 8 undefined on input line 788
.


LaTeX Warning: Reference `fig:MIR_LC_epochs' on page 8 undefined on input line 
792.


LaTeX Warning: Reference `fig:MIR_LC_3egs' on page 8 undefined on input line 79
3.


Package natbib Warning: Citation `Wu2015' on page 8 undefined on input line 794
.

[8pdfTeX warning (ext4): destination with the same identifier (name{figure.4}) 
has been already used, duplicate ignored

\AtBegShi@Output ...ipout \box \AtBeginShipoutBox 
                                                  \fi \fi 
l.796 
      pdfTeX warning (ext4): destination with the same identifier (name{table.7
}) has been already used, duplicate ignored

\AtBegShi@Output ...ipout \box \AtBeginShipoutBox 
                                                  \fi \fi 
l.796 
      pdfTeX warning (ext4): destination with the same identifier (name{figure.
5}) has been already used, duplicate ignored

\AtBegShi@Output ...ipout \box \AtBeginShipoutBox 
                                                  \fi \fi 
l.796 
      pdfTeX warning (ext4): destination with the same identifier (name{figure.
6}) has been already used, duplicate ignored

\AtBegShi@Output ...ipout \box \AtBeginShipoutBox 
                                                  \fi \fi 
l.796 
       </cos_pc19a_npr/programs/quasars/highest_z/detections/WISEmag_vs_coverag
e_20190605.pdf> </cos_pc19a_npr/programs/quasars/highest_z/detections/WISEsnrW1
W2W3W4_2by3_v1.pdf> <../color_color/W1W2_plots/W1W2W3_hexplots_20190610v2.png>]

Underfull \hbox (badness 2564) in paragraph at lines 820--823
[]\OT1/cmr/m/n/9 objiD 164 is SDSSJ1000+0234, faint; very faint.
 []

<../light_curves/MMTJ0215-0529LC_20190214.png, id=300, 578.16pt x 433.62pt>
File: ../light_curves/MMTJ0215-0529LC_20190214.png Graphic file (type png)

<use ../light_curves/MMTJ0215-0529LC_20190214.png>
Package pdftex.def Info: ../light_curves/MMTJ0215-0529LC_20190214.png used on i
nput line 828.
(pdftex.def)             Requested size: 241.84842pt x 181.38472pt.

Overfull \hbox (1.84842pt too wide) in paragraph at lines 825--829
 [] 
 []

<../light_curves/CFHQSJ0216-0455LC_20190214.png, id=301, 578.16pt x 433.62pt>
File: ../light_curves/CFHQSJ0216-0455LC_20190214.png Graphic file (type png)

<use ../light_curves/CFHQSJ0216-0455LC_20190214.png>
Package pdftex.def Info: ../light_curves/CFHQSJ0216-0455LC_20190214.png used on
 input line 834.
(pdftex.def)             Requested size: 241.84842pt x 181.38472pt.

Overfull \hbox (1.84842pt too wide) in paragraph at lines 832--835
 [] 
 []


<../light_curves/SHELLQsJ0220-0432LC_20190214.png, id=302, 578.16pt x 433.62pt>
File: ../light_curves/SHELLQsJ0220-0432LC_20190214.png Graphic file (type png)
<use ../light_curves/SHELLQsJ0220-0432LC_20190214.png>
Package pdftex.def Info: ../light_curves/SHELLQsJ0220-0432LC_20190214.png used 
on input line 840.
(pdftex.def)             Requested size: 241.84842pt x 181.38472pt.

Overfull \hbox (1.84842pt too wide) in paragraph at lines 838--841
 [] 
 []


LaTeX Warning: Float too large for page by 12.70972pt on input line 845.


Package hyperref Warning: Token not allowed in a PDF string (PDFDocEncoding):
(hyperref)                removing `math shift' on input line 858.


Package hyperref Warning: Token not allowed in a PDF string (PDFDocEncoding):
(hyperref)                removing `math shift' on input line 858.

[9pdfTeX warning (ext4): destination with the same identifier (name{figure.7}) 
has been already used, duplicate ignored

\AtBegShi@Output ...ipout \box \AtBeginShipoutBox 
                                                  \fi \fi 
l.863 V
       HS, Area 1: 150$<$RA/deg$<200$ and $-40<$Decl./deg$<-20$:pdfTeX warning 
(ext4): destination with the same identifier (name{figure.8}) has been already 
used, duplicate ignored

\AtBegShi@Output ...ipout \box \AtBeginShipoutBox 
                                                  \fi \fi 
l.863 V
       HS, Area 1: 150$<$RA/deg$<200$ and $-40<$Decl./deg$<-20$:pdfTeX warning 
(ext4): destination with the same identifier (name{figure.9}) has been already 
used, duplicate ignored

\AtBegShi@Output ...ipout \box \AtBeginShipoutBox 
                                                  \fi \fi 
l.863 V
       HS, Area 1: 150$<$RA/deg$<200$ and $-40<$Decl./deg$<-20$: <../data/WISE/
image_thumbnails/UHS_J0439+1634.png (PNG copy)> <../data/WISE/image_thumbnails/
SDSS_J0100+2802.png (PNG copy)> <../data/WISE/image_thumbnails/SDSS_J1443+3623.
png (PNG copy)> <../data/WISE/image_thumbnails/SDSS_J1623+4705.png (PNG copy)> 
</cos_pc19a_npr/programs/quasars/highest_z/light_curves/MIR_LCs/NEOWISER_LC_his
togramlog_20180827.png> </cos_pc19a_npr/programs/quasars/highest_z/light_curves
/MIR_LCs/three_MIR_LC_egs_20180827.pdf>]
Underfull \hbox (badness 10000) in paragraph at lines 863--867
[]\OT1/cmr/m/n/9 VHS, Area 1: 150$\OML/cmm/m/it/9 <$\OT1/cmr/m/n/9 RA/deg$\OML/
cmm/m/it/9 < \OT1/cmr/m/n/9 200$ and
 []

<../data/WSA_VSA/VHS_J_abMagLim.png, id=336, 501.875pt x 401.5pt>
File: ../data/WSA_VSA/VHS_J_abMagLim.png Graphic file (type png)

<use ../data/WSA_VSA/VHS_J_abMagLim.png>
Package pdftex.def Info: ../data/WSA_VSA/VHS_J_abMagLim.png used on input line 
873.
(pdftex.def)             Requested size: 241.84842pt x 193.4836pt.

Overfull \hbox (1.84842pt too wide) in paragraph at lines 873--877
 [][] 
 []


Package natbib Warning: Citation `Fan2001b' on page 10 undefined on input line 
881.


Package natbib Warning: Citation `McGreer2013' on page 10 undefined on input li
ne 881.


Package natbib Warning: Citation `Dye2018' on page 10 undefined on input line 8
90.

Missing character: There is no  in font cmr9!
Missing character: There is no  in font cmr9!

Underfull \hbox (badness 10000) in paragraph at lines 898--912

 []

[10pdfTeX warning (ext4): destination with the same identifier (name{figure.10}
) has been already used, duplicate ignored

\AtBegShi@Output ...ipout \box \AtBeginShipoutBox 
                                                  \fi \fi 
l.913 V
       HS                   YJHK            99.99, 21.2,  21.2,  20.6,  20.0...
pdfTeX warning (ext4): destination with the same identifier (name{figure.11}) h
as been already used, duplicate ignored

\AtBegShi@Output ...ipout \box \AtBeginShipoutBox 
                                                  \fi \fi 
l.913 V
       HS                   YJHK            99.99, 21.2,  21.2,  20.6,  20.0...
pdfTeX warning (ext4): destination with the same identifier (name{figure.12}) h
as been already used, duplicate ignored

\AtBegShi@Output ...ipout \box \AtBeginShipoutBox 
                                                  \fi \fi 
l.913 V
       HS                   YJHK            99.99, 21.2,  21.2,  20.6,  20.0...
pdfTeX warning (ext4): destination with the same identifier (name{figure.13}) h
as been already used, duplicate ignored

\AtBegShi@Output ...ipout \box \AtBeginShipoutBox 
                                                  \fi \fi 
l.913 V
       HS                   YJHK            99.99, 21.2,  21.2,  20.6,  20.0...
 <../light_curves/MMTJ0215-0529LC_20190214.png> <../light_curves/CFHQSJ0216-045
5LC_20190214.png> <../light_curves/SHELLQsJ0220-0432LC_20190214.png> <../data/W
SA_VSA/VHS_J_abMagLim.png (PNG copy)>]
Underfull \hbox (badness 10000) in paragraph at lines 913--914

 []


Underfull \hbox (badness 10000) in paragraph at lines 915--916

 []


Package natbib Warning: Citation `Taylor2005' on page 11 undefined on input lin
e 986.


Package natbib Warning: Citation `Taylor2011' on page 11 undefined on input lin
e 986.


Package natbib Warning: Citation `AstropyCollaboration2013' on page 11 undefine
d on input line 990.


Package natbib Warning: Citation `AstropyCollaboration2018' on page 11 undefine
d on input line 990.


Underfull \hbox (badness 10000) in paragraph at lines 1029--1036
\OT1/cmr/m/n/9 file Ser-vice (http://svo2.cab.inta-csic.es/theory/fps/)
 []


Underfull \hbox (badness 2189) in paragraph at lines 1029--1036
\OT1/cmr/m/n/9 sup-ported from the Span-ish MINECO through grant
 []


Underfull \hbox (badness 2096) in paragraph at lines 1029--1036
\OT1/cmr/m/n/9 AyA2014-55216 The SVO Fil-ter Pro-file Ser-vice$[]$ de-
 []


Overfull \hbox (4.71909pt too wide) in paragraph at lines 1029--1036
\OT1/cmr/m/n/9 http://ivoa.net/documents/Notes/SVOFPSDAL/index.html 
 []


Underfull \hbox (badness 10000) has occurred while \output is active
[]$[]$ \OT1/cmr/m/n/8 Ro-drigo, C., Solano, E., Bayo, A.
 []

[11]
Underfull \hbox (badness 2460) in paragraph at lines 1047--1050
[]\OT1/cmr/m/n/9 The data are on the WF-CAM Sci-ence Archive:
 []


Underfull \hbox (badness 10000) in paragraph at lines 1047--1050
[][]\OT1/cmtt/m/n/9 wsa.roe.ac.uk[][]\OT1/cmr/m/n/9 . Ac-cess the User Lo-gin f
orm
 []


Underfull \hbox (badness 3407) in paragraph at lines 1060--1072
\OT1/cmr/m/n/9 and \OT1/cmtt/m/n/9 wserv1000MapRemeasurement\OT1/cmr/m/n/9 , so
 care has to be
 []

[12

] (./SQL_examples_WSA.tex

LaTeX Warning: Reference `tab:THE_TABLE' on page 13 undefined on input line 5.

(/usr/local/texlive/2015/texmf-dist/tex/latex/listings/lstlang1.sty
File: lstlang1.sty 2014/09/06 1.5e listings language file
)
LaTeX Font Info:    Font shape `OT1/cmtt/bx/n' in size <9> not available
(Font)              Font shape `OT1/cmtt/m/n' tried instead on input line 15.
) [13

]
No file VHzQ.bbl.

Package natbib Warning: There were undefined citations.

Package atveryend Info: Empty hook `BeforeClearDocument' on input line 1111.
[14


]
Package atveryend Info: Empty hook `AfterLastShipout' on input line 1111.
 (./VHzQ.aux)
Package atveryend Info: Empty hook `AtVeryEndDocument' on input line 1111.
Package atveryend Info: Executing hook `AtEndAfterFileList' on input line 1111.



Package rerunfilecheck Warning: File `VHzQ.out' has changed.
(rerunfilecheck)                Rerun to get outlines right
(rerunfilecheck)                or use package `bookmark'.

Package rerunfilecheck Info: Checksums for `VHzQ.out':
(rerunfilecheck)             Before: <no file>
(rerunfilecheck)             After:  E446AFC2E343A681BDDDE00B0312382E;891.

LaTeX Warning: There were undefined references.


LaTeX Warning: Label(s) may have changed. Rerun to get cross-references right.

Package atveryend Info: Empty hook `AtVeryVeryEnd' on input line 1111.
 ) 
Here is how much of TeX's memory you used:
 12241 strings out of 493089
 178465 string characters out of 6134842
 306358 words of memory out of 5000000
 15403 multiletter control sequences out of 15000+600000
 26102 words of font info for 96 fonts, out of 8000000 for 9000
 1141 hyphenation exceptions out of 8191
 38i,11n,43p,937b,1195s stack positions out of 5000i,500n,10000p,200000b,80000s
{/usr/local/texlive/2015/texmf-dist/fonts/enc/dvips/cm-super/cm-super-ts1.enc
}</usr/local/texlive/2015/texmf-dist/fonts/type1/public/amsfonts/cm/cmbx10.pfb>
</usr/local/texlive/2015/texmf-dist/fonts/type1/public/amsfonts/cm/cmbx12.pfb><
/usr/local/texlive/2015/texmf-dist/fonts/type1/public/amsfonts/cm/cmbx8.pfb></u
sr/local/texlive/2015/texmf-dist/fonts/type1/public/amsfonts/cm/cmbx9.pfb></usr
/local/texlive/2015/texmf-dist/fonts/type1/public/amsfonts/cm/cmcsc10.pfb></usr
/local/texlive/2015/texmf-dist/fonts/type1/public/amsfonts/cmextra/cmex9.pfb></
usr/local/texlive/2015/texmf-dist/fonts/type1/public/amsfonts/cm/cmmi10.pfb></u
sr/local/texlive/2015/texmf-dist/fonts/type1/public/amsfonts/cm/cmmi12.pfb></us
r/local/texlive/2015/texmf-dist/fonts/type1/public/amsfonts/cm/cmmi6.pfb></usr/
local/texlive/2015/texmf-dist/fonts/type1/public/amsfonts/cm/cmmi7.pfb></usr/lo
cal/texlive/2015/texmf-dist/fonts/type1/public/amsfonts/cm/cmmi8.pfb></usr/loca
l/texlive/2015/texmf-dist/fonts/type1/public/amsfonts/cm/cmmi9.pfb></usr/local/
texlive/2015/texmf-dist/fonts/type1/public/amsfonts/cm/cmr10.pfb></usr/local/te
xlive/2015/texmf-dist/fonts/type1/public/amsfonts/cm/cmr12.pfb></usr/local/texl
ive/2015/texmf-dist/fonts/type1/public/amsfonts/cm/cmr17.pfb></usr/local/texliv
e/2015/texmf-dist/fonts/type1/public/amsfonts/cm/cmr5.pfb></usr/local/texlive/2
015/texmf-dist/fonts/type1/public/amsfonts/cm/cmr6.pfb></usr/local/texlive/2015
/texmf-dist/fonts/type1/public/amsfonts/cm/cmr8.pfb></usr/local/texlive/2015/te
xmf-dist/fonts/type1/public/amsfonts/cm/cmr9.pfb></usr/local/texlive/2015/texmf
-dist/fonts/type1/public/amsfonts/cm/cmsy10.pfb></usr/local/texlive/2015/texmf-
dist/fonts/type1/public/amsfonts/cm/cmsy6.pfb></usr/local/texlive/2015/texmf-di
st/fonts/type1/public/amsfonts/cm/cmsy8.pfb></usr/local/texlive/2015/texmf-dist
/fonts/type1/public/amsfonts/cm/cmsy9.pfb></usr/local/texlive/2015/texmf-dist/f
onts/type1/public/amsfonts/cm/cmti10.pfb></usr/local/texlive/2015/texmf-dist/fo
nts/type1/public/amsfonts/cm/cmti12.pfb></usr/local/texlive/2015/texmf-dist/fon
ts/type1/public/amsfonts/cm/cmti8.pfb></usr/local/texlive/2015/texmf-dist/fonts
/type1/public/amsfonts/cm/cmti9.pfb></usr/local/texlive/2015/texmf-dist/fonts/t
ype1/public/amsfonts/cm/cmtt10.pfb></usr/local/texlive/2015/texmf-dist/fonts/ty
pe1/public/amsfonts/cm/cmtt8.pfb></usr/local/texlive/2015/texmf-dist/fonts/type
1/public/amsfonts/cm/cmtt9.pfb></usr/local/texlive/2015/texmf-dist/fonts/type1/
public/amsfonts/symbols/msam10.pfb></usr/local/texlive/2015/texmf-dist/fonts/ty
pe1/public/cm-super/sfrm0800.pfb>
Output written on VHzQ.pdf (14 pages, 2596977 bytes).
PDF statistics:
 542 PDF objects out of 1000 (max. 8388607)
 323 compressed objects within 4 object streams
 94 named destinations out of 1000 (max. 500000)
 117 words of extra memory for PDF output out of 10000 (max. 10000000)

