ColDefs(
    name = 'X'; format = 'D'
    name = 'Y'; format = 'D'
    name = 'FLUX'; format = 'E'
    name = 'DX'; format = 'E'
    name = 'DY'; format = 'E'
    name = 'DFLUX'; format = 'E'
    name = 'QF'; format = 'E'
    name = 'RCHI2'; format = 'E'
    name = 'FRACFLUX'; format = 'E'
    name = 'FLUXLBS'; format = 'E'
    name = 'DFLUXLBS'; format = 'E'
    name = 'FWHM'; format = 'E'
    name = 'SPREAD_MODEL'; format = 'E'
    name = 'DSPREAD_MODEL'; format = 'E'
    name = 'FLAGS'; format = 'J'
    name = 'SKY'; format = 'E'
    name = 'RA'; format = 'D'
    name = 'DEC'; format = 'D'
    name = 'COADD_ID'; format = '8A'
    name = 'BAND'; format = 'J'
    name = 'OBJID'; format = '16A'
    name = 'NM'; format = 'I'
    name = 'NA'; format = '7A'
    name = 'DESIG'; format = '19A'
)